<?xml version="1.0" encoding="UTF-8"?>
<!-- Generated by org.testng.reporters.JUnitReportReporter -->
<testsuite hostname="STIPL-SMBL0416" failures="0" tests="1" name="com.api.automation.selenium_demo.Ex_01_Demos.Example_19" time="25.887" errors="0" timestamp="2025-07-15T10:16:11 EDT" skipped="0">
  <testcase classname="com.api.automation.selenium_demo.Ex_01_Demos.Example_19" name="TC_19" time="25.887"/>
</testsuite> <!-- com.api.automation.selenium_demo.Ex_01_Demos.Example_19 -->
