<?xml version="1.0" encoding="UTF-8"?>
<!-- Generated by org.testng.reporters.JUnitReportReporter -->
<testsuite hostname="STIPL-SMBL0416" failures="0" tests="1" name="com.api.automation.selenium_demo.Ex_01_Demos.Example_02" time="16.901" errors="0" timestamp="2025-06-19T11:24:12 EDT" skipped="0">
  <testcase classname="com.api.automation.selenium_demo.Ex_01_Demos.Example_02" name="Tc_2" time="16.901"/>
</testsuite> <!-- com.api.automation.selenium_demo.Ex_01_Demos.Example_02 -->
