<?xml version="1.0" encoding="UTF-8"?>
<!-- Generated by org.testng.reporters.JUnitReportReporter -->
<testsuite hostname="STIPL-SMBL0416" failures="0" tests="1" name="com.api.automation.selenium_demo.Ex_01_Demos.Example_24" time="11.256" errors="0" timestamp="2025-07-29T04:06:53 EDT" skipped="0">
  <testcase classname="com.api.automation.selenium_demo.Ex_01_Demos.Example_24" name="Tc_23" time="11.256"/>
</testsuite> <!-- com.api.automation.selenium_demo.Ex_01_Demos.Example_24 -->
