<?xml version="1.0" encoding="UTF-8"?>
<!-- Generated by org.testng.reporters.JUnitReportReporter -->
<testsuite hostname="STIPL-SMBL0416" failures="0" tests="1" name="com.api.automation.selenium_demo.Ex_01_Demos.Example_22" time="7.984" errors="0" timestamp="2025-07-21T09:54:18 EDT" skipped="0">
  <testcase classname="com.api.automation.selenium_demo.Ex_01_Demos.Example_22" name="TC_22" time="7.984"/>
</testsuite> <!-- com.api.automation.selenium_demo.Ex_01_Demos.Example_22 -->
