<?xml version="1.0" encoding="UTF-8"?>
<!-- Generated by org.testng.reporters.JUnitReportReporter -->
<testsuite hostname="STIPL-SMBL0416" failures="0" tests="1" name="com.api.automation.selenium_demo.Ex_01_Demos.Example_06" time="5.897" errors="0" timestamp="2025-06-26T03:54:29 EDT" skipped="0">
  <testcase classname="com.api.automation.selenium_demo.Ex_01_Demos.Example_06" name="TC_6" time="5.897"/>
</testsuite> <!-- com.api.automation.selenium_demo.Ex_01_Demos.Example_06 -->
