<?xml version="1.0" encoding="UTF-8"?>
<!-- Generated by org.testng.reporters.JUnitReportReporter -->
<testsuite hostname="STIPL-SMBL0416" failures="0" tests="1" name="com.api.automation.selenium_demo.Ex_01_Demos.Example_17" time="25.802" errors="0" timestamp="2025-07-14T10:51:10 EDT" skipped="0">
  <testcase classname="com.api.automation.selenium_demo.Ex_01_Demos.Example_17" name="TC_12" time="25.802"/>
</testsuite> <!-- com.api.automation.selenium_demo.Ex_01_Demos.Example_17 -->
