<?xml version="1.0" encoding="UTF-8"?>
<!-- Generated by org.testng.reporters.JUnitReportReporter -->
<testsuite hostname="STIPL-SMBL0416" failures="0" tests="76" name="com.api.automation.selenium_demo.Ex_01_Demos.Example_21" time="0.218" errors="0" timestamp="2025-07-21T11:46:45 EDT" skipped="0">
  <testcase classname="com.api.automation.selenium_demo.Ex_01_Demos.Example_21" name="TC_21" time="0.002"/>
  <testcase classname="com.api.automation.selenium_demo.Ex_01_Demos.Example_21" name="TC_21" time="0.002"/>
  <testcase classname="com.api.automation.selenium_demo.Ex_01_Demos.Example_21" name="TC_21" time="0.002"/>
  <testcase classname="com.api.automation.selenium_demo.Ex_01_Demos.Example_21" name="TC_21" time="0.002"/>
  <testcase classname="com.api.automation.selenium_demo.Ex_01_Demos.Example_21" name="TC_21" time="0.004"/>
  <testcase classname="com.api.automation.selenium_demo.Ex_01_Demos.Example_21" name="TC_21" time="0.004"/>
  <testcase classname="com.api.automation.selenium_demo.Ex_01_Demos.Example_21" name="TC_21" time="0.003"/>
  <testcase classname="com.api.automation.selenium_demo.Ex_01_Demos.Example_21" name="TC_21" time="0.002"/>
  <testcase classname="com.api.automation.selenium_demo.Ex_01_Demos.Example_21" name="TC_21" time="0.003"/>
  <testcase classname="com.api.automation.selenium_demo.Ex_01_Demos.Example_21" name="TC_21" time="0.002"/>
  <testcase classname="com.api.automation.selenium_demo.Ex_01_Demos.Example_21" name="TC_21" time="0.003"/>
  <testcase classname="com.api.automation.selenium_demo.Ex_01_Demos.Example_21" name="TC_21" time="0.002"/>
  <testcase classname="com.api.automation.selenium_demo.Ex_01_Demos.Example_21" name="TC_21" time="0.003"/>
  <testcase classname="com.api.automation.selenium_demo.Ex_01_Demos.Example_21" name="TC_21" time="0.001"/>
  <testcase classname="com.api.automation.selenium_demo.Ex_01_Demos.Example_21" name="TC_21" time="0.003"/>
  <testcase classname="com.api.automation.selenium_demo.Ex_01_Demos.Example_21" name="TC_21" time="0.002"/>
  <testcase classname="com.api.automation.selenium_demo.Ex_01_Demos.Example_21" name="TC_21" time="0.002"/>
  <testcase classname="com.api.automation.selenium_demo.Ex_01_Demos.Example_21" name="TC_21" time="0.002"/>
  <testcase classname="com.api.automation.selenium_demo.Ex_01_Demos.Example_21" name="TC_21" time="0.034"/>
  <testcase classname="com.api.automation.selenium_demo.Ex_01_Demos.Example_21" name="TC_21" time="0.003"/>
  <testcase classname="com.api.automation.selenium_demo.Ex_01_Demos.Example_21" name="TC_21" time="0.002"/>
  <testcase classname="com.api.automation.selenium_demo.Ex_01_Demos.Example_21" name="TC_21" time="0.003"/>
  <testcase classname="com.api.automation.selenium_demo.Ex_01_Demos.Example_21" name="TC_21" time="0.002"/>
  <testcase classname="com.api.automation.selenium_demo.Ex_01_Demos.Example_21" name="TC_21" time="0.003"/>
  <testcase classname="com.api.automation.selenium_demo.Ex_01_Demos.Example_21" name="TC_21" time="0.002"/>
  <testcase classname="com.api.automation.selenium_demo.Ex_01_Demos.Example_21" name="TC_21" time="0.003"/>
  <testcase classname="com.api.automation.selenium_demo.Ex_01_Demos.Example_21" name="TC_21" time="0.001"/>
  <testcase classname="com.api.automation.selenium_demo.Ex_01_Demos.Example_21" name="TC_21" time="0.003"/>
  <testcase classname="com.api.automation.selenium_demo.Ex_01_Demos.Example_21" name="TC_21" time="0.002"/>
  <testcase classname="com.api.automation.selenium_demo.Ex_01_Demos.Example_21" name="TC_21" time="0.003"/>
  <testcase classname="com.api.automation.selenium_demo.Ex_01_Demos.Example_21" name="TC_21" time="0.002"/>
  <testcase classname="com.api.automation.selenium_demo.Ex_01_Demos.Example_21" name="TC_21" time="0.003"/>
  <testcase classname="com.api.automation.selenium_demo.Ex_01_Demos.Example_21" name="TC_21" time="0.002"/>
  <testcase classname="com.api.automation.selenium_demo.Ex_01_Demos.Example_21" name="TC_21" time="0.002"/>
  <testcase classname="com.api.automation.selenium_demo.Ex_01_Demos.Example_21" name="TC_21" time="0.002"/>
  <testcase classname="com.api.automation.selenium_demo.Ex_01_Demos.Example_21" name="TC_21" time="0.002"/>
  <testcase classname="com.api.automation.selenium_demo.Ex_01_Demos.Example_21" name="TC_21" time="0.004"/>
  <testcase classname="com.api.automation.selenium_demo.Ex_01_Demos.Example_21" name="TC_21" time="0.002"/>
  <testcase classname="com.api.automation.selenium_demo.Ex_01_Demos.Example_21" name="TC_21" time="0.003"/>
  <testcase classname="com.api.automation.selenium_demo.Ex_01_Demos.Example_21" name="TC_21" time="0.002"/>
  <testcase classname="com.api.automation.selenium_demo.Ex_01_Demos.Example_21" name="TC_21" time="0.003"/>
  <testcase classname="com.api.automation.selenium_demo.Ex_01_Demos.Example_21" name="TC_21" time="0.002"/>
  <testcase classname="com.api.automation.selenium_demo.Ex_01_Demos.Example_21" name="TC_21" time="0.002"/>
  <testcase classname="com.api.automation.selenium_demo.Ex_01_Demos.Example_21" name="TC_21" time="0.002"/>
  <testcase classname="com.api.automation.selenium_demo.Ex_01_Demos.Example_21" name="TC_21" time="0.002"/>
  <testcase classname="com.api.automation.selenium_demo.Ex_01_Demos.Example_21" name="TC_21" time="0.003"/>
  <testcase classname="com.api.automation.selenium_demo.Ex_01_Demos.Example_21" name="TC_21" time="0.004"/>
  <testcase classname="com.api.automation.selenium_demo.Ex_01_Demos.Example_21" name="TC_21" time="0.001"/>
  <testcase classname="com.api.automation.selenium_demo.Ex_01_Demos.Example_21" name="TC_21" time="0.001"/>
  <testcase classname="com.api.automation.selenium_demo.Ex_01_Demos.Example_21" name="TC_21" time="0.002"/>
  <testcase classname="com.api.automation.selenium_demo.Ex_01_Demos.Example_21" name="TC_21" time="0.003"/>
  <testcase classname="com.api.automation.selenium_demo.Ex_01_Demos.Example_21" name="TC_21" time="0.002"/>
  <testcase classname="com.api.automation.selenium_demo.Ex_01_Demos.Example_21" name="TC_21" time="0.002"/>
  <testcase classname="com.api.automation.selenium_demo.Ex_01_Demos.Example_21" name="TC_21" time="0.003"/>
  <testcase classname="com.api.automation.selenium_demo.Ex_01_Demos.Example_21" name="TC_21" time="0.003"/>
  <testcase classname="com.api.automation.selenium_demo.Ex_01_Demos.Example_21" name="TC_21" time="0.003"/>
  <testcase classname="com.api.automation.selenium_demo.Ex_01_Demos.Example_21" name="TC_21" time="0.001"/>
  <testcase classname="com.api.automation.selenium_demo.Ex_01_Demos.Example_21" name="TC_21" time="0.002"/>
  <testcase classname="com.api.automation.selenium_demo.Ex_01_Demos.Example_21" name="TC_21" time="0.002"/>
  <testcase classname="com.api.automation.selenium_demo.Ex_01_Demos.Example_21" name="TC_21" time="0.003"/>
  <testcase classname="com.api.automation.selenium_demo.Ex_01_Demos.Example_21" name="TC_21" time="0.002"/>
  <testcase classname="com.api.automation.selenium_demo.Ex_01_Demos.Example_21" name="TC_21" time="0.002"/>
  <testcase classname="com.api.automation.selenium_demo.Ex_01_Demos.Example_21" name="TC_21" time="0.003"/>
  <testcase classname="com.api.automation.selenium_demo.Ex_01_Demos.Example_21" name="TC_21" time="0.002"/>
  <testcase classname="com.api.automation.selenium_demo.Ex_01_Demos.Example_21" name="TC_21" time="0.003"/>
  <testcase classname="com.api.automation.selenium_demo.Ex_01_Demos.Example_21" name="TC_21" time="0.004"/>
  <testcase classname="com.api.automation.selenium_demo.Ex_01_Demos.Example_21" name="TC_21" time="0.006"/>
  <testcase classname="com.api.automation.selenium_demo.Ex_01_Demos.Example_21" name="TC_21" time="0.001"/>
  <testcase classname="com.api.automation.selenium_demo.Ex_01_Demos.Example_21" name="TC_21" time="0.003"/>
  <testcase classname="com.api.automation.selenium_demo.Ex_01_Demos.Example_21" name="TC_21" time="0.002"/>
  <testcase classname="com.api.automation.selenium_demo.Ex_01_Demos.Example_21" name="TC_21" time="0.002"/>
  <testcase classname="com.api.automation.selenium_demo.Ex_01_Demos.Example_21" name="TC_21" time="0.002"/>
  <testcase classname="com.api.automation.selenium_demo.Ex_01_Demos.Example_21" name="TC_21" time="0.003"/>
  <testcase classname="com.api.automation.selenium_demo.Ex_01_Demos.Example_21" name="TC_21" time="0.003"/>
  <testcase classname="com.api.automation.selenium_demo.Ex_01_Demos.Example_21" name="TC_21" time="0.002"/>
  <testcase classname="com.api.automation.selenium_demo.Ex_01_Demos.Example_21" name="TC_21" time="0.003"/>
</testsuite> <!-- com.api.automation.selenium_demo.Ex_01_Demos.Example_21 -->
