<?xml version="1.0" encoding="UTF-8"?>
<!-- Generated by org.testng.reporters.JUnitReportReporter -->
<testsuite hostname="STIPL-SMBL0416" failures="0" tests="1" name="com.api.automation.selenium_demo.Ex_01_Demos.Example_09" time="11.667" errors="0" timestamp="2025-06-27T05:15:36 EDT" skipped="0">
  <testcase classname="com.api.automation.selenium_demo.Ex_01_Demos.Example_09" name="TC_08" time="11.667"/>
</testsuite> <!-- com.api.automation.selenium_demo.Ex_01_Demos.Example_09 -->
