<?xml version="1.0" encoding="UTF-8"?>
<!-- Generated by org.testng.reporters.JUnitReportReporter -->
<testsuite hostname="STIPL-SMBL0416" failures="0" tests="1" name="com.api.automation.selenium_demo.Ex_01_Demos.Example_18" time="23.269" errors="0" timestamp="2025-07-15T11:32:26 EDT" skipped="0">
  <testcase classname="com.api.automation.selenium_demo.Ex_01_Demos.Example_18" name="Test_18" time="23.269"/>
</testsuite> <!-- com.api.automation.selenium_demo.Ex_01_Demos.Example_18 -->
