<?xml version="1.0" encoding="UTF-8"?>
<!-- Generated by org.testng.reporters.JUnitReportReporter -->
<testsuite hostname="STIPL-SMBL0416" failures="0" tests="1" name="com.api.automation.selenium_demo.Ex_01_Demos.Example_01" time="5.806" errors="0" timestamp="2025-06-19T06:38:04 EDT" skipped="0">
  <testcase classname="com.api.automation.selenium_demo.Ex_01_Demos.Example_01" name="Tc1" time="5.806"/>
</testsuite> <!-- com.api.automation.selenium_demo.Ex_01_Demos.Example_01 -->
