<?xml version="1.0" encoding="UTF-8"?>
<!-- Generated by org.testng.reporters.JUnitReportReporter -->
<testsuite hostname="STIPL-SMBL0416" failures="0" tests="1" name="com.api.automation.selenium_demo.Ex_01_Demos.Example_13" time="8.567" errors="0" timestamp="2025-07-04T05:43:39 EDT" skipped="0">
  <testcase classname="com.api.automation.selenium_demo.Ex_01_Demos.Example_13" name="TC_13" time="8.567"/>
</testsuite> <!-- com.api.automation.selenium_demo.Ex_01_Demos.Example_13 -->
