<?xml version="1.0" encoding="UTF-8"?>
<!-- Generated by org.testng.reporters.JUnitReportReporter -->
<testsuite hostname="STIPL-SMBL0416" failures="0" tests="1" name="com.api.automation.selenium_demo.Ex_01_Demos.Example_03" time="18.664" errors="0" timestamp="2025-06-20T07:12:38 EDT" skipped="0">
  <testcase classname="com.api.automation.selenium_demo.Ex_01_Demos.Example_03" name="Tc_3" time="18.664"/>
</testsuite> <!-- com.api.automation.selenium_demo.Ex_01_Demos.Example_03 -->
